{"/Users/hayeon/Desktop/the-Final-TeamNote/src/controller/members.js": {"path":"/Users/hayeon/Desktop/the-Final-TeamNote/src/controller/members.js","statementMap":{"0":{"start":{"line":1,"column":13},"end":{"line":1,"column":38}},"1":{"start":{"line":2,"column":18},"end":{"line":2,"column":48}},"2":{"start":{"line":3,"column":17},"end":{"line":3,"column":46}},"3":{"start":{"line":4,"column":15},"end":{"line":4,"column":42}},"4":{"start":{"line":8,"column":2},"end":{"line":31,"column":3}},"5":{"start":{"line":12,"column":22},"end":{"line":12,"column":42}},"6":{"start":{"line":13,"column":30},"end":{"line":13,"column":38}},"7":{"start":{"line":14,"column":24},"end":{"line":14,"column":46}},"8":{"start":{"line":15,"column":4},"end":{"line":15,"column":46}},"9":{"start":{"line":17,"column":4},"end":{"line":28,"column":5}},"10":{"start":{"line":18,"column":6},"end":{"line":20,"column":55}},"11":{"start":{"line":22,"column":26},"end":{"line":26,"column":8}},"12":{"start":{"line":27,"column":6},"end":{"line":27,"column":51}},"13":{"start":{"line":30,"column":4},"end":{"line":30,"column":73}},"14":{"start":{"line":35,"column":2},"end":{"line":54,"column":3}},"15":{"start":{"line":36,"column":24},"end":{"line":36,"column":44}},"16":{"start":{"line":37,"column":24},"end":{"line":37,"column":46}},"17":{"start":{"line":38,"column":4},"end":{"line":42,"column":5}},"18":{"start":{"line":39,"column":6},"end":{"line":41,"column":59}},"19":{"start":{"line":43,"column":26},"end":{"line":46,"column":6}},"20":{"start":{"line":47,"column":4},"end":{"line":51,"column":7}},"21":{"start":{"line":53,"column":4},"end":{"line":53,"column":73}},"22":{"start":{"line":58,"column":2},"end":{"line":73,"column":3}},"23":{"start":{"line":62,"column":28},"end":{"line":62,"column":38}},"24":{"start":{"line":63,"column":23},"end":{"line":63,"column":70}},"25":{"start":{"line":64,"column":4},"end":{"line":68,"column":7}},"26":{"start":{"line":70,"column":4},"end":{"line":72,"column":56}},"27":{"start":{"line":77,"column":2},"end":{"line":94,"column":3}},"28":{"start":{"line":81,"column":26},"end":{"line":81,"column":41}},"29":{"start":{"line":82,"column":25},"end":{"line":82,"column":70}},"30":{"start":{"line":83,"column":4},"end":{"line":83,"column":49}},"31":{"start":{"line":85,"column":4},"end":{"line":89,"column":7}},"32":{"start":{"line":91,"column":4},"end":{"line":93,"column":63}},"33":{"start":{"line":97,"column":21},"end":{"line":118,"column":1}},"34":{"start":{"line":98,"column":2},"end":{"line":117,"column":3}},"35":{"start":{"line":102,"column":41},"end":{"line":102,"column":49}},"36":{"start":{"line":103,"column":24},"end":{"line":106,"column":6}},"37":{"start":{"line":107,"column":4},"end":{"line":107,"column":42}},"38":{"start":{"line":108,"column":4},"end":{"line":111,"column":5}},"39":{"start":{"line":109,"column":6},"end":{"line":109,"column":43}},"40":{"start":{"line":110,"column":6},"end":{"line":110,"column":13}},"41":{"start":{"line":112,"column":4},"end":{"line":114,"column":5}},"42":{"start":{"line":113,"column":6},"end":{"line":113,"column":13}},"43":{"start":{"line":116,"column":4},"end":{"line":116,"column":73}},"44":{"start":{"line":121,"column":2},"end":{"line":149,"column":3}},"45":{"start":{"line":125,"column":26},"end":{"line":125,"column":41}},"46":{"start":{"line":126,"column":28},"end":{"line":126,"column":48}},"47":{"start":{"line":127,"column":4},"end":{"line":133,"column":5}},"48":{"start":{"line":128,"column":6},"end":{"line":132,"column":9}},"49":{"start":{"line":135,"column":26},"end":{"line":138,"column":6}},"50":{"start":{"line":139,"column":4},"end":{"line":143,"column":5}},"51":{"start":{"line":140,"column":6},"end":{"line":142,"column":66}},"52":{"start":{"line":148,"column":4},"end":{"line":148,"column":70}},"53":{"start":{"line":154,"column":2},"end":{"line":186,"column":3}},"54":{"start":{"line":155,"column":20},"end":{"line":155,"column":44}},"55":{"start":{"line":156,"column":4},"end":{"line":156,"column":38}},"56":{"start":{"line":157,"column":41},"end":{"line":157,"column":49}},"57":{"start":{"line":158,"column":4},"end":{"line":158,"column":50}},"58":{"start":{"line":159,"column":28},"end":{"line":159,"column":38}},"59":{"start":{"line":160,"column":26},"end":{"line":160,"column":78}},"60":{"start":{"line":162,"column":4},"end":{"line":166,"column":5}},"61":{"start":{"line":163,"column":6},"end":{"line":165,"column":60}},"62":{"start":{"line":167,"column":4},"end":{"line":171,"column":5}},"63":{"start":{"line":168,"column":6},"end":{"line":170,"column":63}},"64":{"start":{"line":172,"column":24},"end":{"line":176,"column":6}},"65":{"start":{"line":177,"column":4},"end":{"line":181,"column":7}},"66":{"start":{"line":183,"column":4},"end":{"line":185,"column":57}},"67":{"start":{"line":191,"column":2},"end":{"line":215,"column":3}},"68":{"start":{"line":196,"column":26},"end":{"line":196,"column":41}},"69":{"start":{"line":198,"column":24},"end":{"line":198,"column":69}},"70":{"start":{"line":200,"column":4},"end":{"line":204,"column":5}},"71":{"start":{"line":201,"column":6},"end":{"line":203,"column":59}},"72":{"start":{"line":206,"column":4},"end":{"line":210,"column":7}},"73":{"start":{"line":212,"column":4},"end":{"line":214,"column":60}},"74":{"start":{"line":219,"column":2},"end":{"line":237,"column":3}},"75":{"start":{"line":223,"column":17},"end":{"line":223,"column":32}},"76":{"start":{"line":224,"column":30},"end":{"line":224,"column":38}},"77":{"start":{"line":226,"column":26},"end":{"line":231,"column":6}},"78":{"start":{"line":232,"column":4},"end":{"line":232,"column":45}},"79":{"start":{"line":233,"column":4},"end":{"line":233,"column":11}},"80":{"start":{"line":235,"column":4},"end":{"line":235,"column":30}},"81":{"start":{"line":236,"column":4},"end":{"line":236,"column":73}},"82":{"start":{"line":242,"column":2},"end":{"line":265,"column":3}},"83":{"start":{"line":246,"column":26},"end":{"line":246,"column":41}},"84":{"start":{"line":247,"column":30},"end":{"line":247,"column":40}},"85":{"start":{"line":248,"column":4},"end":{"line":248,"column":44}},"86":{"start":{"line":249,"column":4},"end":{"line":260,"column":5}},"87":{"start":{"line":250,"column":6},"end":{"line":254,"column":9}},"88":{"start":{"line":256,"column":6},"end":{"line":259,"column":9}},"89":{"start":{"line":262,"column":4},"end":{"line":264,"column":60}},"90":{"start":{"line":268,"column":0},"end":{"line":279,"column":2}}},"fnMap":{"0":{"name":"addMember","decl":{"start":{"line":7,"column":15},"end":{"line":7,"column":24}},"loc":{"start":{"line":7,"column":35},"end":{"line":32,"column":1}},"line":7},"1":{"name":"deleteMember","decl":{"start":{"line":34,"column":15},"end":{"line":34,"column":27}},"loc":{"start":{"line":34,"column":38},"end":{"line":55,"column":1}},"line":34},"2":{"name":"getMemberList","decl":{"start":{"line":57,"column":15},"end":{"line":57,"column":28}},"loc":{"start":{"line":57,"column":39},"end":{"line":74,"column":1}},"line":57},"3":{"name":"showMyWorkSpaceList","decl":{"start":{"line":76,"column":15},"end":{"line":76,"column":34}},"loc":{"start":{"line":76,"column":45},"end":{"line":95,"column":1}},"line":76},"4":{"name":"(anonymous_4)","decl":{"start":{"line":97,"column":21},"end":{"line":97,"column":22}},"loc":{"start":{"line":97,"column":47},"end":{"line":118,"column":1}},"line":97},"5":{"name":"leaveWorkSpace","decl":{"start":{"line":120,"column":15},"end":{"line":120,"column":29}},"loc":{"start":{"line":120,"column":40},"end":{"line":150,"column":1}},"line":120},"6":{"name":"inviteMember","decl":{"start":{"line":153,"column":15},"end":{"line":153,"column":27}},"loc":{"start":{"line":153,"column":38},"end":{"line":187,"column":1}},"line":153},"7":{"name":"showInviting","decl":{"start":{"line":190,"column":15},"end":{"line":190,"column":27}},"loc":{"start":{"line":190,"column":38},"end":{"line":216,"column":1}},"line":190},"8":{"name":"acceptInviting","decl":{"start":{"line":218,"column":15},"end":{"line":218,"column":29}},"loc":{"start":{"line":218,"column":46},"end":{"line":238,"column":1}},"line":218},"9":{"name":"deleteInviting","decl":{"start":{"line":241,"column":15},"end":{"line":241,"column":29}},"loc":{"start":{"line":241,"column":40},"end":{"line":266,"column":1}},"line":241}},"branchMap":{"0":{"loc":{"start":{"line":17,"column":4},"end":{"line":28,"column":5}},"type":"if","locations":[{"start":{"line":17,"column":4},"end":{"line":28,"column":5}},{"start":{"line":21,"column":11},"end":{"line":28,"column":5}}],"line":17},"1":{"loc":{"start":{"line":38,"column":4},"end":{"line":42,"column":5}},"type":"if","locations":[{"start":{"line":38,"column":4},"end":{"line":42,"column":5}},{"start":{},"end":{}}],"line":38},"2":{"loc":{"start":{"line":108,"column":4},"end":{"line":111,"column":5}},"type":"if","locations":[{"start":{"line":108,"column":4},"end":{"line":111,"column":5}},{"start":{},"end":{}}],"line":108},"3":{"loc":{"start":{"line":112,"column":4},"end":{"line":114,"column":5}},"type":"if","locations":[{"start":{"line":112,"column":4},"end":{"line":114,"column":5}},{"start":{},"end":{}}],"line":112},"4":{"loc":{"start":{"line":127,"column":4},"end":{"line":133,"column":5}},"type":"if","locations":[{"start":{"line":127,"column":4},"end":{"line":133,"column":5}},{"start":{},"end":{}}],"line":127},"5":{"loc":{"start":{"line":139,"column":4},"end":{"line":143,"column":5}},"type":"if","locations":[{"start":{"line":139,"column":4},"end":{"line":143,"column":5}},{"start":{},"end":{}}],"line":139},"6":{"loc":{"start":{"line":162,"column":4},"end":{"line":166,"column":5}},"type":"if","locations":[{"start":{"line":162,"column":4},"end":{"line":166,"column":5}},{"start":{},"end":{}}],"line":162},"7":{"loc":{"start":{"line":167,"column":4},"end":{"line":171,"column":5}},"type":"if","locations":[{"start":{"line":167,"column":4},"end":{"line":171,"column":5}},{"start":{},"end":{}}],"line":167},"8":{"loc":{"start":{"line":200,"column":4},"end":{"line":204,"column":5}},"type":"if","locations":[{"start":{"line":200,"column":4},"end":{"line":204,"column":5}},{"start":{},"end":{}}],"line":200},"9":{"loc":{"start":{"line":249,"column":4},"end":{"line":260,"column":5}},"type":"if","locations":[{"start":{"line":249,"column":4},"end":{"line":260,"column":5}},{"start":{"line":255,"column":11},"end":{"line":260,"column":5}}],"line":249}},"s":{"0":1,"1":1,"2":1,"3":1,"4":0,"5":0,"6":0,"7":0,"8":0,"9":0,"10":0,"11":0,"12":0,"13":0,"14":3,"15":3,"16":3,"17":3,"18":1,"19":2,"20":2,"21":0,"22":3,"23":3,"24":3,"25":3,"26":0,"27":3,"28":3,"29":3,"30":3,"31":3,"32":0,"33":1,"34":4,"35":4,"36":4,"37":4,"38":4,"39":1,"40":1,"41":4,"42":1,"43":0,"44":2,"45":2,"46":2,"47":2,"48":0,"49":2,"50":2,"51":1,"52":0,"53":3,"54":3,"55":3,"56":3,"57":3,"58":3,"59":3,"60":3,"61":2,"62":1,"63":0,"64":1,"65":1,"66":0,"67":4,"68":4,"69":4,"70":4,"71":2,"72":2,"73":0,"74":2,"75":2,"76":2,"77":2,"78":2,"79":2,"80":0,"81":0,"82":3,"83":3,"84":3,"85":3,"86":3,"87":2,"88":1,"89":0,"90":1},"f":{"0":0,"1":3,"2":3,"3":3,"4":4,"5":2,"6":3,"7":4,"8":2,"9":3},"b":{"0":[0,0],"1":[1,2],"2":[1,3],"3":[1,3],"4":[0,2],"5":[1,1],"6":[2,1],"7":[0,1],"8":[2,2],"9":[2,1]},"inputSourceMap":null,"_coverageSchema":"1a1c01bbd47fc00a2c39e90264f33305004495a9","hash":"9c3a26e60d0b15ac9726cfe174c6bcbbab41569b"}
,"/Users/hayeon/Desktop/the-Final-TeamNote/src/controller/posts.js": {"path":"/Users/hayeon/Desktop/the-Final-TeamNote/src/controller/posts.js","statementMap":{"0":{"start":{"line":1,"column":13},"end":{"line":1,"column":38}},"1":{"start":{"line":2,"column":20},"end":{"line":2,"column":52}},"2":{"start":{"line":3,"column":12},"end":{"line":3,"column":30}},"3":{"start":{"line":4,"column":17},"end":{"line":4,"column":37}},"4":{"start":{"line":5,"column":15},"end":{"line":5,"column":32}},"5":{"start":{"line":6,"column":11},"end":{"line":6,"column":24}},"6":{"start":{"line":7,"column":13},"end":{"line":7,"column":28}},"7":{"start":{"line":12,"column":2},"end":{"line":61,"column":3}},"8":{"start":{"line":18,"column":25},"end":{"line":18,"column":40}},"9":{"start":{"line":19,"column":71},"end":{"line":19,"column":79}},"10":{"start":{"line":20,"column":24},"end":{"line":20,"column":34}},"11":{"start":{"line":24,"column":22},"end":{"line":24,"column":58}},"12":{"start":{"line":25,"column":4},"end":{"line":31,"column":5}},"13":{"start":{"line":27,"column":6},"end":{"line":30,"column":9}},"14":{"start":{"line":32,"column":4},"end":{"line":36,"column":5}},"15":{"start":{"line":33,"column":6},"end":{"line":33,"column":47}},"16":{"start":{"line":35,"column":6},"end":{"line":35,"column":17}},"17":{"start":{"line":38,"column":24},"end":{"line":49,"column":6}},"18":{"start":{"line":50,"column":4},"end":{"line":54,"column":7}},"19":{"start":{"line":56,"column":4},"end":{"line":60,"column":7}},"20":{"start":{"line":67,"column":2},"end":{"line":82,"column":3}},"21":{"start":{"line":71,"column":30},"end":{"line":71,"column":40}},"22":{"start":{"line":73,"column":18},"end":{"line":73,"column":71}},"23":{"start":{"line":74,"column":4},"end":{"line":74,"column":65}},"24":{"start":{"line":76,"column":4},"end":{"line":76,"column":23}},"25":{"start":{"line":77,"column":4},"end":{"line":81,"column":7}},"26":{"start":{"line":89,"column":2},"end":{"line":121,"column":3}},"27":{"start":{"line":93,"column":19},"end":{"line":93,"column":44}},"28":{"start":{"line":94,"column":30},"end":{"line":94,"column":38}},"29":{"start":{"line":95,"column":23},"end":{"line":95,"column":50}},"30":{"start":{"line":97,"column":4},"end":{"line":102,"column":5}},"31":{"start":{"line":98,"column":6},"end":{"line":101,"column":9}},"32":{"start":{"line":104,"column":4},"end":{"line":108,"column":5}},"33":{"start":{"line":105,"column":6},"end":{"line":107,"column":65}},"34":{"start":{"line":110,"column":26},"end":{"line":112,"column":6}},"35":{"start":{"line":113,"column":4},"end":{"line":113,"column":59}},"36":{"start":{"line":115,"column":4},"end":{"line":115,"column":23}},"37":{"start":{"line":116,"column":4},"end":{"line":120,"column":7}},"38":{"start":{"line":127,"column":2},"end":{"line":162,"column":3}},"39":{"start":{"line":131,"column":19},"end":{"line":131,"column":44}},"40":{"start":{"line":132,"column":24},"end":{"line":132,"column":51}},"41":{"start":{"line":133,"column":21},"end":{"line":133,"column":36}},"42":{"start":{"line":134,"column":56},"end":{"line":134,"column":64}},"43":{"start":{"line":135,"column":4},"end":{"line":139,"column":5}},"44":{"start":{"line":136,"column":6},"end":{"line":138,"column":63}},"45":{"start":{"line":140,"column":4},"end":{"line":145,"column":5}},"46":{"start":{"line":141,"column":6},"end":{"line":144,"column":9}},"47":{"start":{"line":147,"column":4},"end":{"line":150,"column":6}},"48":{"start":{"line":151,"column":4},"end":{"line":155,"column":7}},"49":{"start":{"line":157,"column":4},"end":{"line":161,"column":7}},"50":{"start":{"line":173,"column":2},"end":{"line":221,"column":3}},"51":{"start":{"line":177,"column":19},"end":{"line":177,"column":44}},"52":{"start":{"line":178,"column":4},"end":{"line":178,"column":36}},"53":{"start":{"line":179,"column":25},"end":{"line":179,"column":52}},"54":{"start":{"line":180,"column":25},"end":{"line":180,"column":40}},"55":{"start":{"line":182,"column":4},"end":{"line":187,"column":5}},"56":{"start":{"line":183,"column":6},"end":{"line":186,"column":9}},"57":{"start":{"line":189,"column":4},"end":{"line":194,"column":5}},"58":{"start":{"line":190,"column":6},"end":{"line":193,"column":9}},"59":{"start":{"line":196,"column":4},"end":{"line":201,"column":5}},"60":{"start":{"line":197,"column":6},"end":{"line":200,"column":9}},"61":{"start":{"line":203,"column":4},"end":{"line":208,"column":5}},"62":{"start":{"line":204,"column":6},"end":{"line":207,"column":9}},"63":{"start":{"line":210,"column":4},"end":{"line":210,"column":37}},"64":{"start":{"line":211,"column":4},"end":{"line":214,"column":7}},"65":{"start":{"line":216,"column":4},"end":{"line":220,"column":7}},"66":{"start":{"line":225,"column":2},"end":{"line":238,"column":3}},"67":{"start":{"line":229,"column":4},"end":{"line":229,"column":48}},"68":{"start":{"line":230,"column":4},"end":{"line":230,"column":46}},"69":{"start":{"line":231,"column":4},"end":{"line":231,"column":62}},"70":{"start":{"line":233,"column":4},"end":{"line":237,"column":7}},"71":{"start":{"line":241,"column":0},"end":{"line":248,"column":2}}},"fnMap":{"0":{"name":"createPost","decl":{"start":{"line":11,"column":15},"end":{"line":11,"column":25}},"loc":{"start":{"line":11,"column":42},"end":{"line":62,"column":1}},"line":11},"1":{"name":"showPosts","decl":{"start":{"line":66,"column":15},"end":{"line":66,"column":24}},"loc":{"start":{"line":66,"column":41},"end":{"line":83,"column":1}},"line":66},"2":{"name":"showPostDetail","decl":{"start":{"line":88,"column":15},"end":{"line":88,"column":29}},"loc":{"start":{"line":88,"column":46},"end":{"line":122,"column":1}},"line":88},"3":{"name":"editPost","decl":{"start":{"line":126,"column":15},"end":{"line":126,"column":23}},"loc":{"start":{"line":126,"column":40},"end":{"line":163,"column":1}},"line":126},"4":{"name":"deletePost","decl":{"start":{"line":172,"column":15},"end":{"line":172,"column":25}},"loc":{"start":{"line":172,"column":42},"end":{"line":222,"column":1}},"line":172},"5":{"name":"postImage","decl":{"start":{"line":224,"column":15},"end":{"line":224,"column":24}},"loc":{"start":{"line":224,"column":41},"end":{"line":239,"column":1}},"line":224}},"branchMap":{"0":{"loc":{"start":{"line":25,"column":4},"end":{"line":31,"column":5}},"type":"if","locations":[{"start":{"line":25,"column":4},"end":{"line":31,"column":5}},{"start":{},"end":{}}],"line":25},"1":{"loc":{"start":{"line":25,"column":8},"end":{"line":25,"column":78}},"type":"binary-expr","locations":[{"start":{"line":25,"column":8},"end":{"line":25,"column":17}},{"start":{"line":25,"column":21},"end":{"line":25,"column":27}},{"start":{"line":25,"column":31},"end":{"line":25,"column":45}},{"start":{"line":25,"column":49},"end":{"line":25,"column":55}},{"start":{"line":25,"column":59},"end":{"line":25,"column":69}},{"start":{"line":25,"column":73},"end":{"line":25,"column":78}}],"line":25},"2":{"loc":{"start":{"line":32,"column":4},"end":{"line":36,"column":5}},"type":"if","locations":[{"start":{"line":32,"column":4},"end":{"line":36,"column":5}},{"start":{"line":34,"column":11},"end":{"line":36,"column":5}}],"line":32},"3":{"loc":{"start":{"line":97,"column":4},"end":{"line":102,"column":5}},"type":"if","locations":[{"start":{"line":97,"column":4},"end":{"line":102,"column":5}},{"start":{},"end":{}}],"line":97},"4":{"loc":{"start":{"line":104,"column":4},"end":{"line":108,"column":5}},"type":"if","locations":[{"start":{"line":104,"column":4},"end":{"line":108,"column":5}},{"start":{},"end":{}}],"line":104},"5":{"loc":{"start":{"line":135,"column":4},"end":{"line":139,"column":5}},"type":"if","locations":[{"start":{"line":135,"column":4},"end":{"line":139,"column":5}},{"start":{},"end":{}}],"line":135},"6":{"loc":{"start":{"line":140,"column":4},"end":{"line":145,"column":5}},"type":"if","locations":[{"start":{"line":140,"column":4},"end":{"line":145,"column":5}},{"start":{},"end":{}}],"line":140},"7":{"loc":{"start":{"line":140,"column":8},"end":{"line":140,"column":26}},"type":"binary-expr","locations":[{"start":{"line":140,"column":8},"end":{"line":140,"column":14}},{"start":{"line":140,"column":18},"end":{"line":140,"column":26}}],"line":140},"8":{"loc":{"start":{"line":182,"column":4},"end":{"line":187,"column":5}},"type":"if","locations":[{"start":{"line":182,"column":4},"end":{"line":187,"column":5}},{"start":{},"end":{}}],"line":182},"9":{"loc":{"start":{"line":189,"column":4},"end":{"line":194,"column":5}},"type":"if","locations":[{"start":{"line":189,"column":4},"end":{"line":194,"column":5}},{"start":{},"end":{}}],"line":189},"10":{"loc":{"start":{"line":196,"column":4},"end":{"line":201,"column":5}},"type":"if","locations":[{"start":{"line":196,"column":4},"end":{"line":201,"column":5}},{"start":{},"end":{}}],"line":196},"11":{"loc":{"start":{"line":203,"column":4},"end":{"line":208,"column":5}},"type":"if","locations":[{"start":{"line":203,"column":4},"end":{"line":208,"column":5}},{"start":{},"end":{}}],"line":203}},"s":{"0":1,"1":1,"2":1,"3":1,"4":1,"5":1,"6":1,"7":2,"8":2,"9":2,"10":2,"11":2,"12":0,"13":0,"14":0,"15":0,"16":0,"17":0,"18":0,"19":2,"20":0,"21":0,"22":0,"23":0,"24":0,"25":0,"26":0,"27":0,"28":0,"29":0,"30":0,"31":0,"32":0,"33":0,"34":0,"35":0,"36":0,"37":0,"38":0,"39":0,"40":0,"41":0,"42":0,"43":0,"44":0,"45":0,"46":0,"47":0,"48":0,"49":0,"50":0,"51":0,"52":0,"53":0,"54":0,"55":0,"56":0,"57":0,"58":0,"59":0,"60":0,"61":0,"62":0,"63":0,"64":0,"65":0,"66":0,"67":0,"68":0,"69":0,"70":0,"71":1},"f":{"0":2,"1":0,"2":0,"3":0,"4":0,"5":0},"b":{"0":[0,0],"1":[0,0,0,0,0,0],"2":[0,0],"3":[0,0],"4":[0,0],"5":[0,0],"6":[0,0],"7":[0,0],"8":[0,0],"9":[0,0],"10":[0,0],"11":[0,0]},"inputSourceMap":null,"_coverageSchema":"1a1c01bbd47fc00a2c39e90264f33305004495a9","hash":"ef45bcdf84d06dd8b502959d90759bdd2caffcf6"}
,"/Users/hayeon/Desktop/the-Final-TeamNote/src/controller/workSpaces.js": {"path":"/Users/hayeon/Desktop/the-Final-TeamNote/src/controller/workSpaces.js","statementMap":{"0":{"start":{"line":1,"column":18},"end":{"line":1,"column":48}},"1":{"start":{"line":2,"column":15},"end":{"line":2,"column":42}},"2":{"start":{"line":6,"column":2},"end":{"line":35,"column":3}},"3":{"start":{"line":10,"column":27},"end":{"line":10,"column":47}},"4":{"start":{"line":11,"column":17},"end":{"line":11,"column":32}},"5":{"start":{"line":12,"column":30},"end":{"line":12,"column":38}},"6":{"start":{"line":14,"column":4},"end":{"line":18,"column":5}},"7":{"start":{"line":15,"column":6},"end":{"line":17,"column":50}},"8":{"start":{"line":19,"column":29},"end":{"line":22,"column":6}},"9":{"start":{"line":23,"column":23},"end":{"line":28,"column":6}},"10":{"start":{"line":29,"column":4},"end":{"line":29,"column":64}},"11":{"start":{"line":31,"column":4},"end":{"line":31,"column":21}},"12":{"start":{"line":32,"column":4},"end":{"line":34,"column":7}},"13":{"start":{"line":40,"column":2},"end":{"line":58,"column":3}},"14":{"start":{"line":41,"column":30},"end":{"line":41,"column":38}},"15":{"start":{"line":43,"column":29},"end":{"line":45,"column":6}},"16":{"start":{"line":46,"column":27},"end":{"line":48,"column":6}},"17":{"start":{"line":49,"column":4},"end":{"line":53,"column":5}},"18":{"start":{"line":50,"column":6},"end":{"line":50,"column":61}},"19":{"start":{"line":52,"column":6},"end":{"line":52,"column":29}},"20":{"start":{"line":55,"column":4},"end":{"line":57,"column":57}},"21":{"start":{"line":63,"column":2},"end":{"line":79,"column":3}},"22":{"start":{"line":67,"column":26},"end":{"line":67,"column":50}},"23":{"start":{"line":68,"column":4},"end":{"line":68,"column":50}},"24":{"start":{"line":70,"column":4},"end":{"line":74,"column":6}},"25":{"start":{"line":76,"column":4},"end":{"line":78,"column":60}},"26":{"start":{"line":82,"column":24},"end":{"line":101,"column":1}},"27":{"start":{"line":83,"column":2},"end":{"line":100,"column":3}},"28":{"start":{"line":84,"column":26},"end":{"line":84,"column":34}},"29":{"start":{"line":85,"column":27},"end":{"line":87,"column":6}},"30":{"start":{"line":88,"column":4},"end":{"line":88,"column":43}},"31":{"start":{"line":89,"column":4},"end":{"line":94,"column":5}},"32":{"start":{"line":90,"column":6},"end":{"line":90,"column":44}},"33":{"start":{"line":91,"column":6},"end":{"line":91,"column":13}},"34":{"start":{"line":92,"column":11},"end":{"line":94,"column":5}},"35":{"start":{"line":93,"column":6},"end":{"line":93,"column":13}},"36":{"start":{"line":96,"column":4},"end":{"line":99,"column":7}},"37":{"start":{"line":103,"column":0},"end":{"line":108,"column":2}}},"fnMap":{"0":{"name":"createWorkSpace","decl":{"start":{"line":5,"column":15},"end":{"line":5,"column":30}},"loc":{"start":{"line":5,"column":47},"end":{"line":36,"column":1}},"line":5},"1":{"name":"deleteWorkSpace","decl":{"start":{"line":39,"column":15},"end":{"line":39,"column":30}},"loc":{"start":{"line":39,"column":41},"end":{"line":59,"column":1}},"line":39},"2":{"name":"showWorkSpaces","decl":{"start":{"line":62,"column":15},"end":{"line":62,"column":29}},"loc":{"start":{"line":62,"column":40},"end":{"line":80,"column":1}},"line":62},"3":{"name":"(anonymous_3)","decl":{"start":{"line":82,"column":24},"end":{"line":82,"column":25}},"loc":{"start":{"line":82,"column":50},"end":{"line":101,"column":1}},"line":82}},"branchMap":{"0":{"loc":{"start":{"line":14,"column":4},"end":{"line":18,"column":5}},"type":"if","locations":[{"start":{"line":14,"column":4},"end":{"line":18,"column":5}},{"start":{},"end":{}}],"line":14},"1":{"loc":{"start":{"line":49,"column":4},"end":{"line":53,"column":5}},"type":"if","locations":[{"start":{"line":49,"column":4},"end":{"line":53,"column":5}},{"start":{"line":51,"column":11},"end":{"line":53,"column":5}}],"line":49},"2":{"loc":{"start":{"line":89,"column":4},"end":{"line":94,"column":5}},"type":"if","locations":[{"start":{"line":89,"column":4},"end":{"line":94,"column":5}},{"start":{"line":92,"column":11},"end":{"line":94,"column":5}}],"line":89},"3":{"loc":{"start":{"line":92,"column":11},"end":{"line":94,"column":5}},"type":"if","locations":[{"start":{"line":92,"column":11},"end":{"line":94,"column":5}},{"start":{},"end":{}}],"line":92}},"s":{"0":1,"1":1,"2":3,"3":3,"4":3,"5":3,"6":3,"7":0,"8":3,"9":3,"10":3,"11":0,"12":0,"13":3,"14":3,"15":3,"16":3,"17":3,"18":1,"19":2,"20":0,"21":3,"22":3,"23":3,"24":3,"25":0,"26":1,"27":3,"28":3,"29":3,"30":2,"31":2,"32":0,"33":0,"34":2,"35":1,"36":1,"37":1},"f":{"0":3,"1":3,"2":3,"3":3},"b":{"0":[0,3],"1":[1,2],"2":[0,2],"3":[1,1]},"inputSourceMap":null,"_coverageSchema":"1a1c01bbd47fc00a2c39e90264f33305004495a9","hash":"82d4c91aedb8f735c27b92daddd2ad6fa0d260de"}
,"/Users/hayeon/Desktop/the-Final-TeamNote/src/models/inviting.js": {"path":"/Users/hayeon/Desktop/the-Final-TeamNote/src/models/inviting.js","statementMap":{"0":{"start":{"line":1,"column":17},"end":{"line":1,"column":36}},"1":{"start":{"line":2,"column":23},"end":{"line":15,"column":2}},"2":{"start":{"line":17,"column":17},"end":{"line":17,"column":59}},"3":{"start":{"line":18,"column":0},"end":{"line":18,"column":26}}},"fnMap":{},"branchMap":{},"s":{"0":1,"1":1,"2":1,"3":1},"f":{},"b":{},"inputSourceMap":null,"_coverageSchema":"1a1c01bbd47fc00a2c39e90264f33305004495a9","hash":"adbd1727f9677f1cf659c6a889338ce0f0bd4cef"}
,"/Users/hayeon/Desktop/the-Final-TeamNote/src/models/member.js": {"path":"/Users/hayeon/Desktop/the-Final-TeamNote/src/models/member.js","statementMap":{"0":{"start":{"line":1,"column":17},"end":{"line":1,"column":36}},"1":{"start":{"line":2,"column":21},"end":{"line":18,"column":2}},"2":{"start":{"line":20,"column":15},"end":{"line":20,"column":53}},"3":{"start":{"line":21,"column":0},"end":{"line":21,"column":24}}},"fnMap":{},"branchMap":{},"s":{"0":2,"1":2,"2":2,"3":2},"f":{},"b":{},"inputSourceMap":null,"_coverageSchema":"1a1c01bbd47fc00a2c39e90264f33305004495a9","hash":"19706cbf1b9ee050fedc09bc2102cd1e02caf5c9"}
,"/Users/hayeon/Desktop/the-Final-TeamNote/src/models/post.js": {"path":"/Users/hayeon/Desktop/the-Final-TeamNote/src/models/post.js","statementMap":{"0":{"start":{"line":1,"column":17},"end":{"line":1,"column":36}},"1":{"start":{"line":2,"column":19},"end":{"line":2,"column":27}},"2":{"start":{"line":4,"column":19},"end":{"line":15,"column":2}},"3":{"start":{"line":17,"column":13},"end":{"line":17,"column":47}},"4":{"start":{"line":18,"column":0},"end":{"line":18,"column":22}}},"fnMap":{},"branchMap":{},"s":{"0":1,"1":1,"2":1,"3":1,"4":1},"f":{},"b":{},"inputSourceMap":null,"_coverageSchema":"1a1c01bbd47fc00a2c39e90264f33305004495a9","hash":"b2ef30962b7c1c601e1f63abb7298851bb9f7115"}
,"/Users/hayeon/Desktop/the-Final-TeamNote/src/models/postComment.js": {"path":"/Users/hayeon/Desktop/the-Final-TeamNote/src/models/postComment.js","statementMap":{"0":{"start":{"line":1,"column":17},"end":{"line":1,"column":36}},"1":{"start":{"line":3,"column":26},"end":{"line":23,"column":2}},"2":{"start":{"line":25,"column":20},"end":{"line":25,"column":68}},"3":{"start":{"line":26,"column":0},"end":{"line":26,"column":29}}},"fnMap":{},"branchMap":{},"s":{"0":1,"1":1,"2":1,"3":1},"f":{},"b":{},"inputSourceMap":null,"_coverageSchema":"1a1c01bbd47fc00a2c39e90264f33305004495a9","hash":"cd2bd9c099a72cca87a77bc14ca962011a2a99bb"}
,"/Users/hayeon/Desktop/the-Final-TeamNote/src/models/user.js": {"path":"/Users/hayeon/Desktop/the-Final-TeamNote/src/models/user.js","statementMap":{"0":{"start":{"line":1,"column":17},"end":{"line":1,"column":36}},"1":{"start":{"line":2,"column":15},"end":{"line":2,"column":32}},"2":{"start":{"line":3,"column":19},"end":{"line":3,"column":21}},"3":{"start":{"line":4,"column":12},"end":{"line":4,"column":35}},"4":{"start":{"line":6,"column":19},"end":{"line":29,"column":2}},"5":{"start":{"line":30,"column":13},"end":{"line":30,"column":47}},"6":{"start":{"line":31,"column":0},"end":{"line":31,"column":22}}},"fnMap":{},"branchMap":{},"s":{"0":1,"1":1,"2":1,"3":1,"4":1,"5":1,"6":1},"f":{},"b":{},"inputSourceMap":null,"_coverageSchema":"1a1c01bbd47fc00a2c39e90264f33305004495a9","hash":"528b865c634ee617ade791dfb133629a337b275a"}
,"/Users/hayeon/Desktop/the-Final-TeamNote/src/models/workSpace.js": {"path":"/Users/hayeon/Desktop/the-Final-TeamNote/src/models/workSpace.js","statementMap":{"0":{"start":{"line":1,"column":17},"end":{"line":1,"column":36}},"1":{"start":{"line":2,"column":24},"end":{"line":11,"column":2}},"2":{"start":{"line":13,"column":18},"end":{"line":13,"column":62}},"3":{"start":{"line":14,"column":0},"end":{"line":14,"column":27}}},"fnMap":{},"branchMap":{},"s":{"0":2,"1":2,"2":2,"3":2},"f":{},"b":{},"inputSourceMap":null,"_coverageSchema":"1a1c01bbd47fc00a2c39e90264f33305004495a9","hash":"bfb34481322a2c23bae0c5ad1dcfeca37fed82bb"}
}
