TN:
SF:src/controller/members.js
FN:7,addMember
FN:34,deleteMember
FN:57,getMemberList
FN:76,showMyWorkSpaceList
FN:97,(anonymous_4)
FN:120,leaveWorkSpace
FN:153,inviteMember
FN:190,showInviting
FN:218,acceptInviting
FN:241,deleteInviting
FNF:10
FNH:9
FNDA:0,addMember
FNDA:3,deleteMember
FNDA:3,getMemberList
FNDA:3,showMyWorkSpaceList
FNDA:4,(anonymous_4)
FNDA:2,leaveWorkSpace
FNDA:3,inviteMember
FNDA:4,showInviting
FNDA:2,acceptInviting
FNDA:3,deleteInviting
DA:1,1
DA:2,1
DA:3,1
DA:4,1
DA:8,0
DA:12,0
DA:13,0
DA:14,0
DA:15,0
DA:17,0
DA:18,0
DA:22,0
DA:27,0
DA:30,0
DA:35,3
DA:36,3
DA:37,3
DA:38,3
DA:39,1
DA:43,2
DA:47,2
DA:53,0
DA:58,3
DA:62,3
DA:63,3
DA:64,3
DA:70,0
DA:77,3
DA:81,3
DA:82,3
DA:83,3
DA:85,3
DA:91,0
DA:97,1
DA:98,4
DA:102,4
DA:103,4
DA:107,4
DA:108,4
DA:109,1
DA:110,1
DA:112,4
DA:113,1
DA:116,0
DA:121,2
DA:125,2
DA:126,2
DA:127,2
DA:128,0
DA:135,2
DA:139,2
DA:140,1
DA:148,0
DA:154,3
DA:155,3
DA:156,3
DA:157,3
DA:158,3
DA:159,3
DA:160,3
DA:162,3
DA:163,2
DA:167,1
DA:168,0
DA:172,1
DA:177,1
DA:183,0
DA:191,4
DA:196,4
DA:198,4
DA:200,4
DA:201,2
DA:206,2
DA:212,0
DA:219,2
DA:223,2
DA:224,2
DA:226,2
DA:232,2
DA:233,2
DA:235,0
DA:236,0
DA:242,3
DA:246,3
DA:247,3
DA:248,3
DA:249,3
DA:250,2
DA:256,1
DA:262,0
DA:268,1
LF:91
LH:69
BRDA:17,0,0,0
BRDA:17,0,1,0
BRDA:38,1,0,1
BRDA:38,1,1,2
BRDA:108,2,0,1
BRDA:108,2,1,3
BRDA:112,3,0,1
BRDA:112,3,1,3
BRDA:127,4,0,0
BRDA:127,4,1,2
BRDA:139,5,0,1
BRDA:139,5,1,1
BRDA:162,6,0,2
BRDA:162,6,1,1
BRDA:167,7,0,0
BRDA:167,7,1,1
BRDA:200,8,0,2
BRDA:200,8,1,2
BRDA:249,9,0,2
BRDA:249,9,1,1
BRF:20
BRH:16
end_of_record
TN:
SF:src/controller/posts.js
FN:11,createPost
FN:66,showPosts
FN:88,showPostDetail
FN:126,editPost
FN:172,deletePost
FN:224,postImage
FNF:6
FNH:1
FNDA:2,createPost
FNDA:0,showPosts
FNDA:0,showPostDetail
FNDA:0,editPost
FNDA:0,deletePost
FNDA:0,postImage
DA:1,1
DA:2,1
DA:3,1
DA:4,1
DA:5,1
DA:6,1
DA:7,1
DA:12,2
DA:18,2
DA:19,2
DA:20,2
DA:24,2
DA:25,0
DA:27,0
DA:32,0
DA:33,0
DA:35,0
DA:38,0
DA:50,0
DA:56,2
DA:67,0
DA:71,0
DA:73,0
DA:74,0
DA:76,0
DA:77,0
DA:89,0
DA:93,0
DA:94,0
DA:95,0
DA:97,0
DA:98,0
DA:104,0
DA:105,0
DA:110,0
DA:113,0
DA:115,0
DA:116,0
DA:127,0
DA:131,0
DA:132,0
DA:133,0
DA:134,0
DA:135,0
DA:136,0
DA:140,0
DA:141,0
DA:147,0
DA:151,0
DA:157,0
DA:173,0
DA:177,0
DA:178,0
DA:179,0
DA:180,0
DA:182,0
DA:183,0
DA:189,0
DA:190,0
DA:196,0
DA:197,0
DA:203,0
DA:204,0
DA:210,0
DA:211,0
DA:216,0
DA:225,0
DA:229,0
DA:230,0
DA:231,0
DA:233,0
DA:241,1
LF:72
LH:14
BRDA:25,0,0,0
BRDA:25,0,1,0
BRDA:25,1,0,0
BRDA:25,1,1,0
BRDA:25,1,2,0
BRDA:25,1,3,0
BRDA:25,1,4,0
BRDA:25,1,5,0
BRDA:32,2,0,0
BRDA:32,2,1,0
BRDA:97,3,0,0
BRDA:97,3,1,0
BRDA:104,4,0,0
BRDA:104,4,1,0
BRDA:135,5,0,0
BRDA:135,5,1,0
BRDA:140,6,0,0
BRDA:140,6,1,0
BRDA:140,7,0,0
BRDA:140,7,1,0
BRDA:182,8,0,0
BRDA:182,8,1,0
BRDA:189,9,0,0
BRDA:189,9,1,0
BRDA:196,10,0,0
BRDA:196,10,1,0
BRDA:203,11,0,0
BRDA:203,11,1,0
BRF:28
BRH:0
end_of_record
TN:
SF:src/controller/workSpaces.js
FN:5,createWorkSpace
FN:39,deleteWorkSpace
FN:62,showWorkSpaces
FN:82,(anonymous_3)
FNF:4
FNH:4
FNDA:3,createWorkSpace
FNDA:3,deleteWorkSpace
FNDA:3,showWorkSpaces
FNDA:3,(anonymous_3)
DA:1,1
DA:2,1
DA:6,3
DA:10,3
DA:11,3
DA:12,3
DA:14,3
DA:15,0
DA:19,3
DA:23,3
DA:29,3
DA:31,0
DA:32,0
DA:40,3
DA:41,3
DA:43,3
DA:46,3
DA:49,3
DA:50,1
DA:52,2
DA:55,0
DA:63,3
DA:67,3
DA:68,3
DA:70,3
DA:76,0
DA:82,1
DA:83,3
DA:84,3
DA:85,3
DA:88,2
DA:89,2
DA:90,0
DA:91,0
DA:92,2
DA:93,1
DA:96,1
DA:103,1
LF:38
LH:31
BRDA:14,0,0,0
BRDA:14,0,1,3
BRDA:49,1,0,1
BRDA:49,1,1,2
BRDA:89,2,0,0
BRDA:89,2,1,2
BRDA:92,3,0,1
BRDA:92,3,1,1
BRF:8
BRH:6
end_of_record
TN:
SF:src/models/inviting.js
FNF:0
FNH:0
DA:1,1
DA:2,1
DA:17,1
DA:18,1
LF:4
LH:4
BRF:0
BRH:0
end_of_record
TN:
SF:src/models/member.js
FNF:0
FNH:0
DA:1,2
DA:2,2
DA:20,2
DA:21,2
LF:4
LH:4
BRF:0
BRH:0
end_of_record
TN:
SF:src/models/post.js
FNF:0
FNH:0
DA:1,1
DA:2,1
DA:4,1
DA:17,1
DA:18,1
LF:5
LH:5
BRF:0
BRH:0
end_of_record
TN:
SF:src/models/postComment.js
FNF:0
FNH:0
DA:1,1
DA:3,1
DA:25,1
DA:26,1
LF:4
LH:4
BRF:0
BRH:0
end_of_record
TN:
SF:src/models/user.js
FNF:0
FNH:0
DA:1,1
DA:2,1
DA:3,1
DA:4,1
DA:6,1
DA:30,1
DA:31,1
LF:7
LH:7
BRF:0
BRH:0
end_of_record
TN:
SF:src/models/workSpace.js
FNF:0
FNH:0
DA:1,2
DA:2,2
DA:13,2
DA:14,2
LF:4
LH:4
BRF:0
BRH:0
end_of_record
